
  .   ____          _            __ _ _
 /\\ / ___'_ __ _ _(_)_ __  __ _ \ \ \ \
( ( )\___ | '_ | '_| | '_ \/ _` | \ \ \ \
 \\/  ___)| |_)| | | | | || (_| |  ) ) ) )
  '  |____| .__|_| |_|_| |_\__, | / / / /
 =========|_|==============|___/=/_/_/_/
 :: Spring Boot ::                (v2.6.6)

2022-05-11 13:25:04.022  INFO 7266 --- [           main] rewin.rest.ubsi.script.Application       : Starting Application v1.0.5 using Java 1.8.0_181 on liuxd-Book with PID 7266 (/home/liuxd/MicroService/deploy.admin/webapi/rewin.rest.ubsi.script-1.0.5.jar started by liuxd in /home/liuxd/MicroService/deploy.admin/webapi)
2022-05-11 13:25:04.038  INFO 7266 --- [           main] rewin.rest.ubsi.script.Application       : No active profile set, falling back to 1 default profile: "default"
2022-05-11 13:25:09.670  INFO 7266 --- [           main] o.s.b.w.embedded.tomcat.TomcatWebServer  : Tomcat initialized with port(s): 8080 (http)
2022-05-11 13:25:09.752  INFO 7266 --- [           main] o.apache.catalina.core.StandardService   : Starting service [Tomcat]
2022-05-11 13:25:09.753  INFO 7266 --- [           main] org.apache.catalina.core.StandardEngine  : Starting Servlet engine: [Apache Tomcat/9.0.60]
2022-05-11 13:25:10.103  INFO 7266 --- [           main] o.a.c.c.C.[Tomcat].[localhost].[/rest]   : Initializing Spring embedded WebApplicationContext
2022-05-11 13:25:10.103  INFO 7266 --- [           main] w.s.c.ServletWebServerApplicationContext : Root WebApplicationContext: initialization completed in 5663 ms
2022-05-11 13:25:12.070  INFO 7266 --- [           main] pertySourcedRequestMappingHandlerMapping : Mapped URL path [/v2/api-docs] onto method [springfox.documentation.swagger2.web.Swagger2Controller#getDocumentation(String, HttpServletRequest)]
2022-05-11 13:25:13.790  INFO 7266 --- [           main] o.s.b.w.embedded.tomcat.TomcatWebServer  : Tomcat started on port(s): 8080 (http) with context path '/rest'
2022-05-11 13:25:13.792  INFO 7266 --- [           main] d.s.w.p.DocumentationPluginsBootstrapper : Context refreshed
2022-05-11 13:25:13.913  INFO 7266 --- [           main] d.s.w.p.DocumentationPluginsBootstrapper : Found 1 custom documentation plugin(s)
2022-05-11 13:25:14.394  INFO 7266 --- [           main] s.d.s.w.s.ApiListingReferenceScanner     : Scanning for api listing references
2022-05-11 13:25:15.095  INFO 7266 --- [           main] rewin.rest.ubsi.script.Application       : Started Application in 12.603 seconds (JVM running for 14.27)
2022-05-11 13:26:04.309  INFO 7266 --- [nio-8080-exec-1] o.a.c.c.C.[Tomcat].[localhost].[/rest]   : Initializing Spring DispatcherServlet 'dispatcherServlet'
2022-05-11 13:26:04.310  INFO 7266 --- [nio-8080-exec-1] o.s.web.servlet.DispatcherServlet        : Initializing Servlet 'dispatcherServlet'
2022-05-11 13:26:04.322  INFO 7266 --- [nio-8080-exec-1] o.s.web.servlet.DispatcherServlet        : Completed initialization in 11 ms
